2024-05-03T10:01:25.686+02:00  INFO 13736 --- [projetCalzone] [main] groupe3.projetCalzone.PlatServiceTest    : Starting PlatServiceTest using Java 17.0.10 with PID 13736 (started by pcorn in C:\Users\pcorn\OneDrive\Documents\Travail\Formation\Java\GitHub\projetJavaFinal\projetCalzone)
2024-05-03T10:01:25.693+02:00  INFO 13736 --- [projetCalzone] [main] groupe3.projetCalzone.PlatServiceTest    : No active profile set, falling back to 1 default profile: "default"
2024-05-03T10:01:26.382+02:00  INFO 13736 --- [projetCalzone] [main] .s.d.r.c.RepositoryConfigurationDelegate : Bootstrapping Spring Data JPA repositories in DEFAULT mode.
2024-05-03T10:01:26.485+02:00  INFO 13736 --- [projetCalzone] [main] .s.d.r.c.RepositoryConfigurationDelegate : Finished Spring Data repository scanning in 87 ms. Found 5 JPA repository interfaces.
2024-05-03T10:01:27.017+02:00  INFO 13736 --- [projetCalzone] [main] o.hibernate.jpa.internal.util.LogHelper  : HHH000204: Processing PersistenceUnitInfo [name: default]
2024-05-03T10:01:27.110+02:00  INFO 13736 --- [projetCalzone] [main] org.hibernate.Version                    : HHH000412: Hibernate ORM core version 6.4.4.Final
2024-05-03T10:01:27.156+02:00  INFO 13736 --- [projetCalzone] [main] o.h.c.internal.RegionFactoryInitiator    : HHH000026: Second-level cache disabled
2024-05-03T10:01:27.510+02:00  INFO 13736 --- [projetCalzone] [main] o.s.o.j.p.SpringPersistenceUnitInfo      : No LoadTimeWeaver setup: ignoring JPA class transformer
2024-05-03T10:01:27.553+02:00  INFO 13736 --- [projetCalzone] [main] com.zaxxer.hikari.HikariDataSource       : HikariPool-1 - Starting...
2024-05-03T10:01:27.873+02:00  INFO 13736 --- [projetCalzone] [main] com.zaxxer.hikari.pool.HikariPool        : HikariPool-1 - Added connection com.mysql.cj.jdbc.ConnectionImpl@284d4885
2024-05-03T10:01:27.876+02:00  INFO 13736 --- [projetCalzone] [main] com.zaxxer.hikari.HikariDataSource       : HikariPool-1 - Start completed.
2024-05-03T10:01:27.938+02:00  WARN 13736 --- [projetCalzone] [main] org.hibernate.orm.deprecation            : HHH90000025: MySQLDialect does not need to be specified explicitly using 'hibernate.dialect' (remove the property setting and it will be selected by default)
2024-05-03T10:01:28.999+02:00  INFO 13736 --- [projetCalzone] [main] o.h.e.t.j.p.i.JtaPlatformInitiator       : HHH000489: No JTA platform available (set 'hibernate.transaction.jta.platform' to enable JTA platform integration)
2024-05-03T10:01:29.498+02:00  INFO 13736 --- [projetCalzone] [main] j.LocalContainerEntityManagerFactoryBean : Initialized JPA EntityManagerFactory for persistence unit 'default'
2024-05-03T10:01:30.109+02:00  WARN 13736 --- [projetCalzone] [main] JpaBaseConfiguration$JpaWebConfiguration : spring.jpa.open-in-view is enabled by default. Therefore, database queries may be performed during view rendering. Explicitly configure spring.jpa.open-in-view to disable this warning
2024-05-03T10:01:30.568+02:00  INFO 13736 --- [projetCalzone] [main] groupe3.projetCalzone.PlatServiceTest    : Started PlatServiceTest in 5.205 seconds (process running for 6.188)
2024-05-03T10:01:31.150+02:00 ERROR 13736 --- [projetCalzone] [main] g.projetCalzone.services.PlatService     : plat null
2024-05-03T10:01:31.285+02:00  INFO 13736 --- [projetCalzone] [SpringApplicationShutdownHook] j.LocalContainerEntityManagerFactoryBean : Closing JPA EntityManagerFactory for persistence unit 'default'
2024-05-03T10:01:31.288+02:00  INFO 13736 --- [projetCalzone] [SpringApplicationShutdownHook] com.zaxxer.hikari.HikariDataSource       : HikariPool-1 - Shutdown initiated...
2024-05-03T10:01:31.299+02:00  INFO 13736 --- [projetCalzone] [SpringApplicationShutdownHook] com.zaxxer.hikari.HikariDataSource       : HikariPool-1 - Shutdown completed.
2024-05-03T10:02:43.210+02:00  INFO 10868 --- [projetCalzone] [main] groupe3.projetCalzone.PlatServiceTest    : Starting PlatServiceTest using Java 17.0.10 with PID 10868 (started by pcorn in C:\Users\pcorn\OneDrive\Documents\Travail\Formation\Java\GitHub\projetJavaFinal\projetCalzone)
2024-05-03T10:02:43.212+02:00  INFO 10868 --- [projetCalzone] [main] groupe3.projetCalzone.PlatServiceTest    : No active profile set, falling back to 1 default profile: "default"
2024-05-03T10:02:43.793+02:00  INFO 10868 --- [projetCalzone] [main] .s.d.r.c.RepositoryConfigurationDelegate : Bootstrapping Spring Data JPA repositories in DEFAULT mode.
2024-05-03T10:02:43.875+02:00  INFO 10868 --- [projetCalzone] [main] .s.d.r.c.RepositoryConfigurationDelegate : Finished Spring Data repository scanning in 72 ms. Found 5 JPA repository interfaces.
2024-05-03T10:02:44.285+02:00  INFO 10868 --- [projetCalzone] [main] o.hibernate.jpa.internal.util.LogHelper  : HHH000204: Processing PersistenceUnitInfo [name: default]
2024-05-03T10:02:44.347+02:00  INFO 10868 --- [projetCalzone] [main] org.hibernate.Version                    : HHH000412: Hibernate ORM core version 6.4.4.Final
2024-05-03T10:02:44.391+02:00  INFO 10868 --- [projetCalzone] [main] o.h.c.internal.RegionFactoryInitiator    : HHH000026: Second-level cache disabled
2024-05-03T10:02:44.666+02:00  INFO 10868 --- [projetCalzone] [main] o.s.o.j.p.SpringPersistenceUnitInfo      : No LoadTimeWeaver setup: ignoring JPA class transformer
2024-05-03T10:02:44.701+02:00  INFO 10868 --- [projetCalzone] [main] com.zaxxer.hikari.HikariDataSource       : HikariPool-1 - Starting...
2024-05-03T10:02:44.995+02:00  INFO 10868 --- [projetCalzone] [main] com.zaxxer.hikari.pool.HikariPool        : HikariPool-1 - Added connection com.mysql.cj.jdbc.ConnectionImpl@46e388ec
2024-05-03T10:02:44.997+02:00  INFO 10868 --- [projetCalzone] [main] com.zaxxer.hikari.HikariDataSource       : HikariPool-1 - Start completed.
2024-05-03T10:02:45.051+02:00  WARN 10868 --- [projetCalzone] [main] org.hibernate.orm.deprecation            : HHH90000025: MySQLDialect does not need to be specified explicitly using 'hibernate.dialect' (remove the property setting and it will be selected by default)
2024-05-03T10:02:45.939+02:00  INFO 10868 --- [projetCalzone] [main] o.h.e.t.j.p.i.JtaPlatformInitiator       : HHH000489: No JTA platform available (set 'hibernate.transaction.jta.platform' to enable JTA platform integration)
2024-05-03T10:02:46.270+02:00  INFO 10868 --- [projetCalzone] [main] j.LocalContainerEntityManagerFactoryBean : Initialized JPA EntityManagerFactory for persistence unit 'default'
2024-05-03T10:02:46.751+02:00  WARN 10868 --- [projetCalzone] [main] JpaBaseConfiguration$JpaWebConfiguration : spring.jpa.open-in-view is enabled by default. Therefore, database queries may be performed during view rendering. Explicitly configure spring.jpa.open-in-view to disable this warning
2024-05-03T10:02:47.157+02:00  INFO 10868 --- [projetCalzone] [main] groupe3.projetCalzone.PlatServiceTest    : Started PlatServiceTest in 4.249 seconds (process running for 5.188)
2024-05-03T10:02:47.723+02:00 ERROR 10868 --- [projetCalzone] [main] g.projetCalzone.services.PlatService     : plat null
2024-05-03T10:02:47.868+02:00  INFO 10868 --- [projetCalzone] [SpringApplicationShutdownHook] j.LocalContainerEntityManagerFactoryBean : Closing JPA EntityManagerFactory for persistence unit 'default'
2024-05-03T10:02:47.870+02:00  INFO 10868 --- [projetCalzone] [SpringApplicationShutdownHook] com.zaxxer.hikari.HikariDataSource       : HikariPool-1 - Shutdown initiated...
2024-05-03T10:02:47.877+02:00  INFO 10868 --- [projetCalzone] [SpringApplicationShutdownHook] com.zaxxer.hikari.HikariDataSource       : HikariPool-1 - Shutdown completed.
2024-05-03T10:03:29.926+02:00  INFO 14224 --- [projetCalzone] [main] g.p.ProjetCalzoneApplication             : Starting ProjetCalzoneApplication using Java 17.0.10 with PID 14224 (C:\Users\pcorn\OneDrive\Documents\Travail\Formation\Java\GitHub\projetJavaFinal\projetCalzone\target\classes started by pcorn in C:\Users\pcorn\OneDrive\Documents\Travail\Formation\Java\GitHub\projetJavaFinal\projetCalzone)
2024-05-03T10:03:29.928+02:00  INFO 14224 --- [projetCalzone] [main] g.p.ProjetCalzoneApplication             : No active profile set, falling back to 1 default profile: "default"
2024-05-03T10:03:30.393+02:00  INFO 14224 --- [projetCalzone] [main] .s.d.r.c.RepositoryConfigurationDelegate : Bootstrapping Spring Data JPA repositories in DEFAULT mode.
2024-05-03T10:03:30.447+02:00  INFO 14224 --- [projetCalzone] [main] .s.d.r.c.RepositoryConfigurationDelegate : Finished Spring Data repository scanning in 47 ms. Found 5 JPA repository interfaces.
2024-05-03T10:03:30.847+02:00  INFO 14224 --- [projetCalzone] [main] o.s.b.w.embedded.tomcat.TomcatWebServer  : Tomcat initialized with port 8080 (http)
2024-05-03T10:03:30.859+02:00  INFO 14224 --- [projetCalzone] [main] o.apache.catalina.core.StandardService   : Starting service [Tomcat]
2024-05-03T10:03:30.859+02:00  INFO 14224 --- [projetCalzone] [main] o.apache.catalina.core.StandardEngine    : Starting Servlet engine: [Apache Tomcat/10.1.20]
2024-05-03T10:03:30.914+02:00  INFO 14224 --- [projetCalzone] [main] o.a.c.c.C.[Tomcat].[localhost].[/]       : Initializing Spring embedded WebApplicationContext
2024-05-03T10:03:30.915+02:00  INFO 14224 --- [projetCalzone] [main] w.s.c.ServletWebServerApplicationContext : Root WebApplicationContext: initialization completed in 954 ms
2024-05-03T10:03:31.033+02:00  INFO 14224 --- [projetCalzone] [main] o.hibernate.jpa.internal.util.LogHelper  : HHH000204: Processing PersistenceUnitInfo [name: default]
2024-05-03T10:03:31.086+02:00  INFO 14224 --- [projetCalzone] [main] org.hibernate.Version                    : HHH000412: Hibernate ORM core version 6.4.4.Final
2024-05-03T10:03:31.114+02:00  INFO 14224 --- [projetCalzone] [main] o.h.c.internal.RegionFactoryInitiator    : HHH000026: Second-level cache disabled
2024-05-03T10:03:31.305+02:00  INFO 14224 --- [projetCalzone] [main] o.s.o.j.p.SpringPersistenceUnitInfo      : No LoadTimeWeaver setup: ignoring JPA class transformer
2024-05-03T10:03:31.337+02:00  INFO 14224 --- [projetCalzone] [main] com.zaxxer.hikari.HikariDataSource       : HikariPool-1 - Starting...
2024-05-03T10:03:31.574+02:00  INFO 14224 --- [projetCalzone] [main] com.zaxxer.hikari.pool.HikariPool        : HikariPool-1 - Added connection com.mysql.cj.jdbc.ConnectionImpl@182e4365
2024-05-03T10:03:31.575+02:00  INFO 14224 --- [projetCalzone] [main] com.zaxxer.hikari.HikariDataSource       : HikariPool-1 - Start completed.
2024-05-03T10:03:31.616+02:00  WARN 14224 --- [projetCalzone] [main] org.hibernate.orm.deprecation            : HHH90000025: MySQLDialect does not need to be specified explicitly using 'hibernate.dialect' (remove the property setting and it will be selected by default)
2024-05-03T10:03:32.371+02:00  INFO 14224 --- [projetCalzone] [main] o.h.e.t.j.p.i.JtaPlatformInitiator       : HHH000489: No JTA platform available (set 'hibernate.transaction.jta.platform' to enable JTA platform integration)
2024-05-03T10:03:32.406+02:00  INFO 14224 --- [projetCalzone] [main] j.LocalContainerEntityManagerFactoryBean : Initialized JPA EntityManagerFactory for persistence unit 'default'
2024-05-03T10:03:32.704+02:00  WARN 14224 --- [projetCalzone] [main] JpaBaseConfiguration$JpaWebConfiguration : spring.jpa.open-in-view is enabled by default. Therefore, database queries may be performed during view rendering. Explicitly configure spring.jpa.open-in-view to disable this warning
2024-05-03T10:03:32.995+02:00  INFO 14224 --- [projetCalzone] [main] o.s.b.w.embedded.tomcat.TomcatWebServer  : Tomcat started on port 8080 (http) with context path ''
2024-05-03T10:03:33.001+02:00  INFO 14224 --- [projetCalzone] [main] g.p.ProjetCalzoneApplication             : Started ProjetCalzoneApplication in 3.382 seconds (process running for 3.902)
2024-05-03T10:03:47.227+02:00  INFO 14224 --- [projetCalzone] [http-nio-8080-exec-2] o.a.c.c.C.[Tomcat].[localhost].[/]       : Initializing Spring DispatcherServlet 'dispatcherServlet'
2024-05-03T10:03:47.227+02:00  INFO 14224 --- [projetCalzone] [http-nio-8080-exec-2] o.s.web.servlet.DispatcherServlet        : Initializing Servlet 'dispatcherServlet'
2024-05-03T10:03:47.228+02:00  INFO 14224 --- [projetCalzone] [http-nio-8080-exec-2] o.s.web.servlet.DispatcherServlet        : Completed initialization in 1 ms
2024-05-03T10:04:16.822+02:00  INFO 14224 --- [projetCalzone] [http-nio-8080-exec-3] g.p.restcontrollers.PlatRestController   : validation ok
2024-05-03T10:04:50.378+02:00  INFO 14224 --- [projetCalzone] [http-nio-8080-exec-5] g.p.restcontrollers.PlatRestController   : validation ok
2024-05-03T10:06:00.061+02:00  INFO 14224 --- [projetCalzone] [RMI TCP Connection(13)-127.0.0.1] inMXBeanRegistrar$SpringApplicationAdmin : Application shutdown requested.
2024-05-03T10:06:00.076+02:00  INFO 14224 --- [projetCalzone] [RMI TCP Connection(13)-127.0.0.1] j.LocalContainerEntityManagerFactoryBean : Closing JPA EntityManagerFactory for persistence unit 'default'
2024-05-03T10:06:00.078+02:00  INFO 14224 --- [projetCalzone] [RMI TCP Connection(13)-127.0.0.1] com.zaxxer.hikari.HikariDataSource       : HikariPool-1 - Shutdown initiated...
2024-05-03T10:06:00.083+02:00  INFO 14224 --- [projetCalzone] [RMI TCP Connection(13)-127.0.0.1] com.zaxxer.hikari.HikariDataSource       : HikariPool-1 - Shutdown completed.
2024-05-03T10:06:01.952+02:00  INFO 12680 --- [projetCalzone] [main] g.p.ProjetCalzoneApplication             : Starting ProjetCalzoneApplication using Java 17.0.10 with PID 12680 (C:\Users\pcorn\OneDrive\Documents\Travail\Formation\Java\GitHub\projetJavaFinal\projetCalzone\target\classes started by pcorn in C:\Users\pcorn\OneDrive\Documents\Travail\Formation\Java\GitHub\projetJavaFinal\projetCalzone)
2024-05-03T10:06:01.954+02:00  INFO 12680 --- [projetCalzone] [main] g.p.ProjetCalzoneApplication             : No active profile set, falling back to 1 default profile: "default"
2024-05-03T10:06:02.390+02:00  INFO 12680 --- [projetCalzone] [main] .s.d.r.c.RepositoryConfigurationDelegate : Bootstrapping Spring Data JPA repositories in DEFAULT mode.
2024-05-03T10:06:02.443+02:00  INFO 12680 --- [projetCalzone] [main] .s.d.r.c.RepositoryConfigurationDelegate : Finished Spring Data repository scanning in 46 ms. Found 5 JPA repository interfaces.
2024-05-03T10:06:02.810+02:00  INFO 12680 --- [projetCalzone] [main] o.s.b.w.embedded.tomcat.TomcatWebServer  : Tomcat initialized with port 8080 (http)
2024-05-03T10:06:02.820+02:00  INFO 12680 --- [projetCalzone] [main] o.apache.catalina.core.StandardService   : Starting service [Tomcat]
2024-05-03T10:06:02.820+02:00  INFO 12680 --- [projetCalzone] [main] o.apache.catalina.core.StandardEngine    : Starting Servlet engine: [Apache Tomcat/10.1.20]
2024-05-03T10:06:02.871+02:00  INFO 12680 --- [projetCalzone] [main] o.a.c.c.C.[Tomcat].[localhost].[/]       : Initializing Spring embedded WebApplicationContext
2024-05-03T10:06:02.871+02:00  INFO 12680 --- [projetCalzone] [main] w.s.c.ServletWebServerApplicationContext : Root WebApplicationContext: initialization completed in 887 ms
2024-05-03T10:06:02.979+02:00  INFO 12680 --- [projetCalzone] [main] o.hibernate.jpa.internal.util.LogHelper  : HHH000204: Processing PersistenceUnitInfo [name: default]
2024-05-03T10:06:03.025+02:00  INFO 12680 --- [projetCalzone] [main] org.hibernate.Version                    : HHH000412: Hibernate ORM core version 6.4.4.Final
2024-05-03T10:06:03.053+02:00  INFO 12680 --- [projetCalzone] [main] o.h.c.internal.RegionFactoryInitiator    : HHH000026: Second-level cache disabled
2024-05-03T10:06:03.250+02:00  INFO 12680 --- [projetCalzone] [main] o.s.o.j.p.SpringPersistenceUnitInfo      : No LoadTimeWeaver setup: ignoring JPA class transformer
2024-05-03T10:06:03.272+02:00  INFO 12680 --- [projetCalzone] [main] com.zaxxer.hikari.HikariDataSource       : HikariPool-1 - Starting...
2024-05-03T10:06:03.494+02:00  INFO 12680 --- [projetCalzone] [main] com.zaxxer.hikari.pool.HikariPool        : HikariPool-1 - Added connection com.mysql.cj.jdbc.ConnectionImpl@fd4459b
2024-05-03T10:06:03.495+02:00  INFO 12680 --- [projetCalzone] [main] com.zaxxer.hikari.HikariDataSource       : HikariPool-1 - Start completed.
2024-05-03T10:06:03.539+02:00  WARN 12680 --- [projetCalzone] [main] org.hibernate.orm.deprecation            : HHH90000025: MySQLDialect does not need to be specified explicitly using 'hibernate.dialect' (remove the property setting and it will be selected by default)
2024-05-03T10:06:04.244+02:00  INFO 12680 --- [projetCalzone] [main] o.h.e.t.j.p.i.JtaPlatformInitiator       : HHH000489: No JTA platform available (set 'hibernate.transaction.jta.platform' to enable JTA platform integration)
2024-05-03T10:06:04.275+02:00  INFO 12680 --- [projetCalzone] [main] j.LocalContainerEntityManagerFactoryBean : Initialized JPA EntityManagerFactory for persistence unit 'default'
2024-05-03T10:06:04.562+02:00  WARN 12680 --- [projetCalzone] [main] JpaBaseConfiguration$JpaWebConfiguration : spring.jpa.open-in-view is enabled by default. Therefore, database queries may be performed during view rendering. Explicitly configure spring.jpa.open-in-view to disable this warning
2024-05-03T10:06:04.821+02:00  INFO 12680 --- [projetCalzone] [main] o.s.b.w.embedded.tomcat.TomcatWebServer  : Tomcat started on port 8080 (http) with context path ''
2024-05-03T10:06:04.827+02:00  INFO 12680 --- [projetCalzone] [main] g.p.ProjetCalzoneApplication             : Started ProjetCalzoneApplication in 3.172 seconds (process running for 3.673)
2024-05-03T10:06:09.230+02:00  INFO 12680 --- [projetCalzone] [http-nio-8080-exec-3] o.a.c.c.C.[Tomcat].[localhost].[/]       : Initializing Spring DispatcherServlet 'dispatcherServlet'
2024-05-03T10:06:09.231+02:00  INFO 12680 --- [projetCalzone] [http-nio-8080-exec-3] o.s.web.servlet.DispatcherServlet        : Initializing Servlet 'dispatcherServlet'
2024-05-03T10:06:09.232+02:00  INFO 12680 --- [projetCalzone] [http-nio-8080-exec-3] o.s.web.servlet.DispatcherServlet        : Completed initialization in 1 ms
2024-05-03T10:06:33.311+02:00  INFO 12680 --- [projetCalzone] [http-nio-8080-exec-6] g.p.restcontrollers.PlatRestController   : validation ok
2024-05-03T10:17:08.442+02:00  INFO 12680 --- [projetCalzone] [RMI TCP Connection(20)-127.0.0.1] inMXBeanRegistrar$SpringApplicationAdmin : Application shutdown requested.
2024-05-03T10:17:08.458+02:00  INFO 12680 --- [projetCalzone] [RMI TCP Connection(20)-127.0.0.1] j.LocalContainerEntityManagerFactoryBean : Closing JPA EntityManagerFactory for persistence unit 'default'
2024-05-03T10:17:08.460+02:00  INFO 12680 --- [projetCalzone] [RMI TCP Connection(20)-127.0.0.1] com.zaxxer.hikari.HikariDataSource       : HikariPool-1 - Shutdown initiated...
2024-05-03T10:17:08.464+02:00  INFO 12680 --- [projetCalzone] [RMI TCP Connection(20)-127.0.0.1] com.zaxxer.hikari.HikariDataSource       : HikariPool-1 - Shutdown completed.
2024-05-03T10:17:10.452+02:00  INFO 6744 --- [projetCalzone] [main] g.p.ProjetCalzoneApplication             : Starting ProjetCalzoneApplication using Java 17.0.10 with PID 6744 (C:\Users\pcorn\OneDrive\Documents\Travail\Formation\Java\GitHub\projetJavaFinal\projetCalzone\target\classes started by pcorn in C:\Users\pcorn\OneDrive\Documents\Travail\Formation\Java\GitHub\projetJavaFinal\projetCalzone)
2024-05-03T10:17:10.454+02:00  INFO 6744 --- [projetCalzone] [main] g.p.ProjetCalzoneApplication             : No active profile set, falling back to 1 default profile: "default"
2024-05-03T10:17:10.921+02:00  INFO 6744 --- [projetCalzone] [main] .s.d.r.c.RepositoryConfigurationDelegate : Bootstrapping Spring Data JPA repositories in DEFAULT mode.
2024-05-03T10:17:10.981+02:00  INFO 6744 --- [projetCalzone] [main] .s.d.r.c.RepositoryConfigurationDelegate : Finished Spring Data repository scanning in 51 ms. Found 5 JPA repository interfaces.
2024-05-03T10:17:11.369+02:00  INFO 6744 --- [projetCalzone] [main] o.s.b.w.embedded.tomcat.TomcatWebServer  : Tomcat initialized with port 8080 (http)
2024-05-03T10:17:11.378+02:00  INFO 6744 --- [projetCalzone] [main] o.apache.catalina.core.StandardService   : Starting service [Tomcat]
2024-05-03T10:17:11.378+02:00  INFO 6744 --- [projetCalzone] [main] o.apache.catalina.core.StandardEngine    : Starting Servlet engine: [Apache Tomcat/10.1.20]
2024-05-03T10:17:11.426+02:00  INFO 6744 --- [projetCalzone] [main] o.a.c.c.C.[Tomcat].[localhost].[/]       : Initializing Spring embedded WebApplicationContext
2024-05-03T10:17:11.426+02:00  INFO 6744 --- [projetCalzone] [main] w.s.c.ServletWebServerApplicationContext : Root WebApplicationContext: initialization completed in 942 ms
2024-05-03T10:17:11.551+02:00  INFO 6744 --- [projetCalzone] [main] o.hibernate.jpa.internal.util.LogHelper  : HHH000204: Processing PersistenceUnitInfo [name: default]
2024-05-03T10:17:11.607+02:00  INFO 6744 --- [projetCalzone] [main] org.hibernate.Version                    : HHH000412: Hibernate ORM core version 6.4.4.Final
2024-05-03T10:17:11.638+02:00  INFO 6744 --- [projetCalzone] [main] o.h.c.internal.RegionFactoryInitiator    : HHH000026: Second-level cache disabled
2024-05-03T10:17:11.831+02:00  INFO 6744 --- [projetCalzone] [main] o.s.o.j.p.SpringPersistenceUnitInfo      : No LoadTimeWeaver setup: ignoring JPA class transformer
2024-05-03T10:17:11.856+02:00  INFO 6744 --- [projetCalzone] [main] com.zaxxer.hikari.HikariDataSource       : HikariPool-1 - Starting...
2024-05-03T10:17:12.106+02:00  INFO 6744 --- [projetCalzone] [main] com.zaxxer.hikari.pool.HikariPool        : HikariPool-1 - Added connection com.mysql.cj.jdbc.ConnectionImpl@789dd6bf
2024-05-03T10:17:12.108+02:00  INFO 6744 --- [projetCalzone] [main] com.zaxxer.hikari.HikariDataSource       : HikariPool-1 - Start completed.
2024-05-03T10:17:12.150+02:00  WARN 6744 --- [projetCalzone] [main] org.hibernate.orm.deprecation            : HHH90000025: MySQLDialect does not need to be specified explicitly using 'hibernate.dialect' (remove the property setting and it will be selected by default)
2024-05-03T10:17:12.881+02:00  INFO 6744 --- [projetCalzone] [main] o.h.e.t.j.p.i.JtaPlatformInitiator       : HHH000489: No JTA platform available (set 'hibernate.transaction.jta.platform' to enable JTA platform integration)
2024-05-03T10:17:12.913+02:00  INFO 6744 --- [projetCalzone] [main] j.LocalContainerEntityManagerFactoryBean : Initialized JPA EntityManagerFactory for persistence unit 'default'
2024-05-03T10:17:13.201+02:00  WARN 6744 --- [projetCalzone] [main] JpaBaseConfiguration$JpaWebConfiguration : spring.jpa.open-in-view is enabled by default. Therefore, database queries may be performed during view rendering. Explicitly configure spring.jpa.open-in-view to disable this warning
2024-05-03T10:17:13.470+02:00  INFO 6744 --- [projetCalzone] [main] o.s.b.w.embedded.tomcat.TomcatWebServer  : Tomcat started on port 8080 (http) with context path ''
2024-05-03T10:17:13.476+02:00  INFO 6744 --- [projetCalzone] [main] g.p.ProjetCalzoneApplication             : Started ProjetCalzoneApplication in 3.34 seconds (process running for 3.879)
2024-05-03T10:17:22.335+02:00  INFO 6744 --- [projetCalzone] [http-nio-8080-exec-1] o.a.c.c.C.[Tomcat].[localhost].[/]       : Initializing Spring DispatcherServlet 'dispatcherServlet'
2024-05-03T10:17:22.335+02:00  INFO 6744 --- [projetCalzone] [http-nio-8080-exec-1] o.s.web.servlet.DispatcherServlet        : Initializing Servlet 'dispatcherServlet'
2024-05-03T10:17:22.336+02:00  INFO 6744 --- [projetCalzone] [http-nio-8080-exec-1] o.s.web.servlet.DispatcherServlet        : Completed initialization in 1 ms
2024-05-03T10:17:32.661+02:00  INFO 6744 --- [projetCalzone] [http-nio-8080-exec-3] g.p.r.DessertRestController              : validation ok
2024-05-03T10:17:43.965+02:00  INFO 6744 --- [projetCalzone] [http-nio-8080-exec-4] g.p.r.DessertRestController              : validation ok
2024-05-03T10:18:13.433+02:00  INFO 6744 --- [projetCalzone] [http-nio-8080-exec-7] g.p.r.DessertRestController              : validation ok
